npm warn ERESOLVE overriding peer dependency
npm warn While resolving: basic-react-component-lib@1.0.1
npm warn Found: storybook@8.3.5
npm warn node_modules/storybook
npm warn   peer storybook@"^8.3.5" from @storybook/components@8.3.5
npm warn   node_modules/@storybook/components
npm warn     @storybook/components@"^8.3.5" from @storybook/react@8.3.5
npm warn     node_modules/@storybook/react
npm warn   6 more (@storybook/manager-api, @storybook/preview-api, ...)
npm warn
npm warn Could not resolve dependency:
npm warn peer storybook@"^8.3.5" from @storybook/react@8.3.5
npm warn node_modules/@storybook/react
npm warn   dev @storybook/react@"^8.3.5" from the root project
npm warn ERESOLVE overriding peer dependency
npm warn ERESOLVE overriding peer dependency
npm warn ERESOLVE overriding peer dependency
npm warn ERESOLVE overriding peer dependency
npm error code ERESOLVE
npm error ERESOLVE could not resolve
npm error
npm error While resolving: @storybook/react@8.3.5
npm error Found: @storybook/test@7.6.20
npm error node_modules/@storybook/test
npm error   dev @storybook/test@"7.6.20" from the root project
npm error
npm error Could not resolve dependency:
npm error peerOptional @storybook/test@"8.3.5" from @storybook/react@8.3.5
npm error node_modules/@storybook/react
npm error   dev @storybook/react@"^8.3.5" from the root project
npm error
npm error Conflicting peer dependency: @storybook/test@8.3.5
npm error node_modules/@storybook/test
npm error   peerOptional @storybook/test@"8.3.5" from @storybook/react@8.3.5
npm error   node_modules/@storybook/react
npm error     dev @storybook/react@"^8.3.5" from the root project
npm error
npm error Fix the upstream dependency conflict, or retry
npm error this command with --force or --legacy-peer-deps
npm error to accept an incorrect (and potentially broken) dependency resolution.
npm error
npm error
npm error For a full report see:
npm error C:\Users\brian_ruff\AppData\Local\npm-cache\_logs\2024-10-06T08_28_14_078Z-eresolve-report.txt
npm error A complete log of this run can be found in: C:\Users\brian_ruff\AppData\Local\npm-cache\_logs\2024-10-06T08_28_14_078Z-debug-0.log
